0 verbose cli /usr/local/bin/node /usr/local/bin/npm
1 info using npm@11.3.0
2 info using node@v22.15.0
3 silly config load:file:/usr/local/lib/node_modules/npm/npmrc
4 silly config load:file:/Users/luka/Documents/DEV/hr-agencija/.npmrc
5 silly config load:file:/Users/luka/.npmrc
6 silly config load:file:/usr/local/etc/npmrc
7 verbose title npm install
8 verbose argv "install" "--package-lock-only" "--cache" ".npm-cache" "--no-audit" "--no-fund"
9 verbose logfile logs-max:10 dir:/Users/luka/Documents/DEV/hr-agencija/.npm-cache/_logs/2026-02-22T23_03_59_746Z-
10 verbose logfile /Users/luka/Documents/DEV/hr-agencija/.npm-cache/_logs/2026-02-22T23_03_59_746Z-debug-0.log
11 silly logfile done cleaning log files
12 http fetch GET https://registry.npmjs.org/npm attempt 1 failed with ENOTFOUND
13 silly packumentCache heap:4345298944 maxSize:1086324736 maxEntrySize:543162368
14 silly idealTree buildDeps
15 silly fetch manifest eslint@^9.0.0
16 silly packumentCache full:https://registry.npmjs.org/eslint cache-miss
17 http fetch GET https://registry.npmjs.org/eslint attempt 1 failed with ENOTFOUND
18 http fetch GET https://registry.npmjs.org/npm attempt 2 failed with ENOTFOUND
19 http fetch GET https://registry.npmjs.org/eslint attempt 2 failed with ENOTFOUND
20 http fetch GET https://registry.npmjs.org/npm attempt 3 failed with ENOTFOUND
21 http fetch GET https://registry.npmjs.org/eslint attempt 3 failed with ENOTFOUND
22 silly placeDep ROOT eslint@ REPLACE for: hr-agencija@0.1.0 want: ^9.0.0
23 warn ERESOLVE overriding peer dependency {
23 warn ERESOLVE   code: 'ERESOLVE',
23 warn ERESOLVE   edge: {
23 warn ERESOLVE     type: 'peer',
23 warn ERESOLVE     name: 'eslint',
23 warn ERESOLVE     spec: '>=9.0.0',
23 warn ERESOLVE     error: 'INVALID',
23 warn ERESOLVE     from: {
23 warn ERESOLVE       name: 'eslint-config-next',
23 warn ERESOLVE       version: '16.1.6',
23 warn ERESOLVE       location: 'node_modules/eslint-config-next',
23 warn ERESOLVE       isWorkspace: false,
23 warn ERESOLVE       dependents: [Array]
23 warn ERESOLVE     }
23 warn ERESOLVE   },
23 warn ERESOLVE   dep: {
23 warn ERESOLVE     name: 'eslint',
23 warn ERESOLVE     version: undefined,
23 warn ERESOLVE     errors: [ [FetchError] ],
23 warn ERESOLVE     package: {},
23 warn ERESOLVE     whileInstalling: {
23 warn ERESOLVE       name: 'hr-agencija',
23 warn ERESOLVE       version: '0.1.0',
23 warn ERESOLVE       path: '/Users/luka/Documents/DEV/hr-agencija'
23 warn ERESOLVE     },
23 warn ERESOLVE     location: 'node_modules/eslint',
23 warn ERESOLVE     isWorkspace: false,
23 warn ERESOLVE     dependents: [ [Object] ]
23 warn ERESOLVE   },
23 warn ERESOLVE   force: false,
23 warn ERESOLVE   isMine: true,
23 warn ERESOLVE   strictPeerDeps: false,
23 warn ERESOLVE   current: {
23 warn ERESOLVE     name: 'eslint',
23 warn ERESOLVE     version: '8.57.1',
23 warn ERESOLVE     location: 'node_modules/eslint',
23 warn ERESOLVE     isWorkspace: false,
23 warn ERESOLVE     dependents: [
23 warn ERESOLVE       [Object], [Object],
23 warn ERESOLVE       [Object], [Object],
23 warn ERESOLVE       [Object], [Object],
23 warn ERESOLVE       [Object], [Object],
23 warn ERESOLVE       [Object], [Object],
23 warn ERESOLVE       [Object], [Object]
23 warn ERESOLVE     ]
23 warn ERESOLVE   }
23 warn ERESOLVE }
24 http cache https://registry.npmjs.org/@tailwindcss/oxide-wasm32-wasi/-/oxide-wasm32-wasi-4.2.0.tgz 0ms (cache hit)
25 silly tarball no local data for https://registry.npmjs.org/@tailwindcss/oxide-wasm32-wasi/-/oxide-wasm32-wasi-4.2.0.tgz. Extracting by manifest.
26 http fetch GET https://registry.npmjs.org/@tailwindcss/oxide-wasm32-wasi/-/oxide-wasm32-wasi-4.2.0.tgz attempt 1 failed with ENOTFOUND
27 http fetch GET https://registry.npmjs.org/@tailwindcss/oxide-wasm32-wasi/-/oxide-wasm32-wasi-4.2.0.tgz attempt 2 failed with ENOTFOUND
28 http fetch GET https://registry.npmjs.org/@tailwindcss/oxide-wasm32-wasi/-/oxide-wasm32-wasi-4.2.0.tgz attempt 3 failed with ENOTFOUND
29 verbose type system
30 verbose stack FetchError: request to https://registry.npmjs.org/@tailwindcss/oxide-wasm32-wasi/-/oxide-wasm32-wasi-4.2.0.tgz failed, reason: getaddrinfo ENOTFOUND registry.npmjs.org
30 verbose stack     at ClientRequest.<anonymous> (/usr/local/lib/node_modules/npm/node_modules/minipass-fetch/lib/index.js:130:14)
30 verbose stack     at ClientRequest.emit (node:events:518:28)
30 verbose stack     at emitErrorEvent (node:_http_client:104:11)
30 verbose stack     at _destroy (node:_http_client:898:9)
30 verbose stack     at onSocketNT (node:_http_client:918:5)
30 verbose stack     at process.processTicksAndRejections (node:internal/process/task_queues:91:21)
31 error code ENOTFOUND
32 error syscall getaddrinfo
33 error errno ENOTFOUND
34 error network request to https://registry.npmjs.org/@tailwindcss/oxide-wasm32-wasi/-/oxide-wasm32-wasi-4.2.0.tgz failed, reason: getaddrinfo ENOTFOUND registry.npmjs.org
35 error network This is a problem related to network connectivity.
35 error network In most cases you are behind a proxy or have bad network settings.
35 error network
35 error network If you are behind a proxy, please make sure that the
35 error network 'proxy' config is set properly.  See: 'npm help config'
36 silly unfinished npm timer reify 1771801439859
37 silly unfinished npm timer reify:loadTrees 1771801439859
38 silly unfinished npm timer idealTree:buildDeps 1771801439919
39 silly unfinished npm timer idealTree:node_modules/@tailwindcss/oxide-wasm32-wasi 1771801509954
40 verbose cwd /Users/luka/Documents/DEV/hr-agencija
41 verbose os Darwin 25.3.0
42 verbose node v22.15.0
43 verbose npm  v11.3.0
44 verbose exit 1
45 verbose code 1
46 error A complete log of this run can be found in: /Users/luka/Documents/DEV/hr-agencija/.npm-cache/_logs/2026-02-22T23_03_59_746Z-debug-0.log
